<?xml version="1.0" encoding="UTF-8" ?>
<testsuite failures="0" time="0.028" errors="0" skipped="0" tests="58" name="com.reclabs.recomendar.common.helpers.types.TestStringHelper">
  <properties>
    <property name="java.runtime.name" value="Java(TM) SE Runtime Environment"/>
    <property name="sun.boot.library.path" value="C:\Program Files\Java\jdk1.7.0_09\jre\bin"/>
    <property name="java.vm.version" value="23.5-b02"/>
    <property name="java.vm.vendor" value="Oracle Corporation"/>
    <property name="java.vendor.url" value="http://java.oracle.com/"/>
    <property name="path.separator" value=";"/>
    <property name="guice.disable.misplaced.annotation.check" value="true"/>
    <property name="java.vm.name" value="Java HotSpot(TM) 64-Bit Server VM"/>
    <property name="file.encoding.pkg" value="sun.io"/>
    <property name="idea.launcher.port" value="7533"/>
    <property name="user.script" value=""/>
    <property name="user.country" value="ES"/>
    <property name="sun.java.launcher" value="SUN_STANDARD"/>
    <property name="sun.os.patch.level" value="Service Pack 1"/>
    <property name="java.vm.specification.name" value="Java Virtual Machine Specification"/>
    <property name="user.dir" value="D:\Trabajo\Recomendar\workspace\reclabs\libs\RecCommon"/>
    <property name="java.runtime.version" value="1.7.0_09-b05"/>
    <property name="java.awt.graphicsenv" value="sun.awt.Win32GraphicsEnvironment"/>
    <property name="java.endorsed.dirs" value="C:\Program Files\Java\jdk1.7.0_09\jre\lib\endorsed"/>
    <property name="os.arch" value="amd64"/>
    <property name="java.io.tmpdir" value="C:\Users\Fran\AppData\Local\Temp\"/>
    <property name="line.separator" value="
"/>
    <property name="java.vm.specification.vendor" value="Oracle Corporation"/>
    <property name="user.variant" value=""/>
    <property name="os.name" value="Windows 7"/>
    <property name="net.sourceforge.cobertura.datafile" value="D:\Trabajo\Recomendar\workspace\reclabs\libs\RecCommon\target\cobertura\cobertura.ser"/>
    <property name="classworlds.conf" value="C:\Program Files\ApacheMaven\apache-maven-3.0.4\bin\m2.conf"/>
    <property name="sun.jnu.encoding" value="Cp1252"/>
    <property name="java.library.path" value="C:\Program Files\Java\jdk1.7.0_09\bin;C:\Windows\Sun\Java\bin;C:\Windows\system32;C:\Windows;C:\Program Files (x86)\JetBrains\IntelliJ IDEA 12.1.4\bin\..\.\bin;C:\Program Files\Common Files\Microsoft Shared\Windows Live;C:\Program Files (x86)\Common Files\Microsoft Shared\Windows Live;C:\Windows\system32;C:\Windows;C:\Windows\System32\Wbem;C:\Windows\System32\WindowsPowerShell\v1.0\;C:\Program Files (x86)\ATI Technologies\ATI.ACE\Core-Static;C:\Program Files (x86)\Windows Live\Shared;C:\Program Files\ApacheMaven\apache-maven-3.0.4\bin;C:\Program Files\TortoiseSVN\bin;C:\Program Files\nodejs\;C:\Program Files\TortoiseGit\bin;C:\Users\Fran\AppData\Roaming\npm;c:\program files (x86)\jetbrains\intellij idea 12.1.4\jre\jre\bin;."/>
    <property name="java.specification.name" value="Java Platform API Specification"/>
    <property name="java.class.version" value="51.0"/>
    <property name="sun.management.compiler" value="HotSpot 64-Bit Tiered Compilers"/>
    <property name="os.version" value="6.1"/>
    <property name="user.home" value="C:\Users\Fran"/>
    <property name="user.timezone" value="Europe/London"/>
    <property name="java.awt.printerjob" value="sun.awt.windows.WPrinterJob"/>
    <property name="java.specification.version" value="1.7"/>
    <property name="idea.launcher.bin.path" value="C:\Program Files (x86)\JetBrains\IntelliJ IDEA 12.1.4\bin"/>
    <property name="file.encoding" value="UTF-8"/>
    <property name="user.name" value="Fran"/>
    <property name="java.class.path" value="C:\Program Files\ApacheMaven\apache-maven-3.0.4\boot\plexus-classworlds-2.4.jar;C:\Program Files (x86)\JetBrains\IntelliJ IDEA 12.1.4\lib\idea_rt.jar"/>
    <property name="java.vm.specification.version" value="1.7"/>
    <property name="sun.arch.data.model" value="64"/>
    <property name="java.home" value="C:\Program Files\Java\jdk1.7.0_09\jre"/>
    <property name="sun.java.command" value="com.intellij.rt.execution.application.AppMain org.codehaus.classworlds.Launcher --fail-fast --strict-checksums install"/>
    <property name="java.specification.vendor" value="Oracle Corporation"/>
    <property name="user.language" value="es"/>
    <property name="awt.toolkit" value="sun.awt.windows.WToolkit"/>
    <property name="java.vm.info" value="mixed mode"/>
    <property name="java.version" value="1.7.0_09"/>
    <property name="java.ext.dirs" value="C:\Program Files\Java\jdk1.7.0_09\jre\lib\ext;C:\Windows\Sun\Java\lib\ext"/>
    <property name="sun.boot.class.path" value="C:\Program Files\Java\jdk1.7.0_09\jre\lib\resources.jar;C:\Program Files\Java\jdk1.7.0_09\jre\lib\rt.jar;C:\Program Files\Java\jdk1.7.0_09\jre\lib\sunrsasign.jar;C:\Program Files\Java\jdk1.7.0_09\jre\lib\jsse.jar;C:\Program Files\Java\jdk1.7.0_09\jre\lib\jce.jar;C:\Program Files\Java\jdk1.7.0_09\jre\lib\charsets.jar;C:\Program Files\Java\jdk1.7.0_09\jre\lib\jfr.jar;C:\Program Files\Java\jdk1.7.0_09\jre\classes"/>
    <property name="java.vendor" value="Oracle Corporation"/>
    <property name="maven.home" value="C:\Program Files\ApacheMaven\apache-maven-3.0.4"/>
    <property name="file.separator" value="\"/>
    <property name="java.vendor.url.bug" value="http://bugreport.sun.com/bugreport/"/>
    <property name="sun.cpu.endian" value="little"/>
    <property name="sun.io.unicode.encoding" value="UnicodeLittle"/>
    <property name="project.build.outputDirectory" value="D:\Trabajo\Recomendar\workspace\reclabs\libs\RecCommon\target\generated-classes\cobertura"/>
    <property name="sun.desktop" value="windows"/>
    <property name="sun.cpu.isalist" value="amd64"/>
  </properties>
  <testcase time="0" classname="com.reclabs.recomendar.common.helpers.types.TestStringHelper" name="limitTest"/>
  <testcase time="0" classname="com.reclabs.recomendar.common.helpers.types.TestStringHelper" name="startWith"/>
  <testcase time="0" classname="com.reclabs.recomendar.common.helpers.types.TestStringHelper" name="isAnyEmptyTest"/>
  <testcase time="0" classname="com.reclabs.recomendar.common.helpers.types.TestStringHelper" name="isAnyEmptyWithNullValues"/>
  <testcase time="0" classname="com.reclabs.recomendar.common.helpers.types.TestStringHelper" name="getSubstringFromTest"/>
  <testcase time="0" classname="com.reclabs.recomendar.common.helpers.types.TestStringHelper" name="replaceTokenTest"/>
  <testcase time="0" classname="com.reclabs.recomendar.common.helpers.types.TestStringHelper" name="removeLeftZerosTest"/>
  <testcase time="0" classname="com.reclabs.recomendar.common.helpers.types.TestStringHelper" name="lastIndexOfTest"/>
  <testcase time="0.001" classname="com.reclabs.recomendar.common.helpers.types.TestStringHelper" name="lastIndexOfNullValuesTest"/>
  <testcase time="0" classname="com.reclabs.recomendar.common.helpers.types.TestStringHelper" name="replaceLastTest"/>
  <testcase time="0" classname="com.reclabs.recomendar.common.helpers.types.TestStringHelper" name="limitNullValueTest"/>
  <testcase time="0" classname="com.reclabs.recomendar.common.helpers.types.TestStringHelper" name="toLowerCaseTest"/>
  <testcase time="0" classname="com.reclabs.recomendar.common.helpers.types.TestStringHelper" name="extractWithNullMainString"/>
  <testcase time="0" classname="com.reclabs.recomendar.common.helpers.types.TestStringHelper" name="extractWithEmptyMainString"/>
  <testcase time="0" classname="com.reclabs.recomendar.common.helpers.types.TestStringHelper" name="extractWithNullDiff"/>
  <testcase time="0" classname="com.reclabs.recomendar.common.helpers.types.TestStringHelper" name="extractWithEmptyDiff"/>
  <testcase time="0" classname="com.reclabs.recomendar.common.helpers.types.TestStringHelper" name="isAnyEqualsNullCompareString"/>
  <testcase time="0" classname="com.reclabs.recomendar.common.helpers.types.TestStringHelper" name="isAnyEqualsNullValues"/>
  <testcase time="0.001" classname="com.reclabs.recomendar.common.helpers.types.TestStringHelper" name="isAnyEqualsSimpleData"/>
  <testcase time="0.013" classname="com.reclabs.recomendar.common.helpers.types.TestStringHelper" name="isAnyEqualsFalseResult"/>
  <testcase time="0" classname="com.reclabs.recomendar.common.helpers.types.TestStringHelper" name="isPalindromeTest"/>
  <testcase time="0" classname="com.reclabs.recomendar.common.helpers.types.TestStringHelper" name="toBooleanWithNullParameter"/>
  <testcase time="0" classname="com.reclabs.recomendar.common.helpers.types.TestStringHelper" name="toBooleanWithEmptyParameter"/>
  <testcase time="0" classname="com.reclabs.recomendar.common.helpers.types.TestStringHelper" name="toBooleanWithFalseValues"/>
  <testcase time="0" classname="com.reclabs.recomendar.common.helpers.types.TestStringHelper" name="toBooleanWithTrueValues"/>
  <testcase time="0" classname="com.reclabs.recomendar.common.helpers.types.TestStringHelper" name="containsAnyWithSimpleData"/>
  <testcase time="0" classname="com.reclabs.recomendar.common.helpers.types.TestStringHelper" name="containsWithSimpleData"/>
  <testcase time="0" classname="com.reclabs.recomendar.common.helpers.types.TestStringHelper" name="containsWithEmptySource"/>
  <testcase time="0" classname="com.reclabs.recomendar.common.helpers.types.TestStringHelper" name="containsWithNullSource"/>
  <testcase time="0" classname="com.reclabs.recomendar.common.helpers.types.TestStringHelper" name="containsWithNullParameter"/>
  <testcase time="0" classname="com.reclabs.recomendar.common.helpers.types.TestStringHelper" name="containsWithEmptyParameter"/>
  <testcase time="0" classname="com.reclabs.recomendar.common.helpers.types.TestStringHelper" name="equalsWithNormalData"/>
  <testcase time="0" classname="com.reclabs.recomendar.common.helpers.types.TestStringHelper" name="equalsWithEmptyValue"/>
  <testcase time="0" classname="com.reclabs.recomendar.common.helpers.types.TestStringHelper" name="equalsWithNullValue"/>
  <testcase time="0" classname="com.reclabs.recomendar.common.helpers.types.TestStringHelper" name="equalsWithCaseSensitive"/>
  <testcase time="0" classname="com.reclabs.recomendar.common.helpers.types.TestStringHelper" name="firstLetterToLowerCaseWithNoModifiedNecessaryWord"/>
  <testcase time="0" classname="com.reclabs.recomendar.common.helpers.types.TestStringHelper" name="extractNullWordsWithVariableSpaceSeparatorTest"/>
  <testcase time="0" classname="com.reclabs.recomendar.common.helpers.types.TestStringHelper" name="containsAnyWithSimpleDataWithNullSourceString"/>
  <testcase time="0" classname="com.reclabs.recomendar.common.helpers.types.TestStringHelper" name="containsAnyWithSimpleDataWithEmptySourceString"/>
  <testcase time="0" classname="com.reclabs.recomendar.common.helpers.types.TestStringHelper" name="extractWordsSpaceSeparatorTest"/>
  <testcase time="0" classname="com.reclabs.recomendar.common.helpers.types.TestStringHelper" name="extractWordsWithVariableSpaceSeparatorTest"/>
  <testcase time="0" classname="com.reclabs.recomendar.common.helpers.types.TestStringHelper" name="lastIndexOfNullSearchValueTest"/>
  <testcase time="0" classname="com.reclabs.recomendar.common.helpers.types.TestStringHelper" name="extractWithNotContainsDiffOnMainString"/>
  <testcase time="0" classname="com.reclabs.recomendar.common.helpers.types.TestStringHelper" name="extractWithContainsDiffOnMainString"/>
  <testcase time="0" classname="com.reclabs.recomendar.common.helpers.types.TestStringHelper" name="extractWithContainsMultipleDiffOnMainString"/>
  <testcase time="0" classname="com.reclabs.recomendar.common.helpers.types.TestStringHelper" name="isAnyEqualsNullBothParameters"/>
  <testcase time="0" classname="com.reclabs.recomendar.common.helpers.types.TestStringHelper" name="isAnyEqualsSimpleDataIgnoreCaseSensitive"/>
  <testcase time="0" classname="com.reclabs.recomendar.common.helpers.types.TestStringHelper" name="firstLetterToLowerCaseWithNullWord"/>
  <testcase time="0" classname="com.reclabs.recomendar.common.helpers.types.TestStringHelper" name="firstLetterToLowerCaseWithEmptyWord"/>
  <testcase time="0" classname="com.reclabs.recomendar.common.helpers.types.TestStringHelper" name="firstLetterToLowerCaseWithNormalWord"/>
  <testcase time="0" classname="com.reclabs.recomendar.common.helpers.types.TestStringHelper" name="firstLetterToLowerCaseWithSentence"/>
  <testcase time="0" classname="com.reclabs.recomendar.common.helpers.types.TestStringHelper" name="toBooleanWithEmptyParameterValue2"/>
  <testcase time="0" classname="com.reclabs.recomendar.common.helpers.types.TestStringHelper" name="containsAnyWithSimpleDataWithCaseSensitive"/>
  <testcase time="0" classname="com.reclabs.recomendar.common.helpers.types.TestStringHelper" name="containsAnyWithSimpleDataWithNullParameters"/>
  <testcase time="0" classname="com.reclabs.recomendar.common.helpers.types.TestStringHelper" name="containsWithEmptyParameterTrueResult"/>
  <testcase time="0" classname="com.reclabs.recomendar.common.helpers.types.TestStringHelper" name="containsWithEmptyParameterFalseResult"/>
  <testcase time="0" classname="com.reclabs.recomendar.common.helpers.types.TestStringHelper" name="containsWithSimpleDataFalseResult"/>
  <testcase time="0" classname="com.reclabs.recomendar.common.helpers.types.TestStringHelper" name="equalsWithCaseSensitiveAndNull"/>
</testsuite>